<?xml version="1.0" encoding="UTF-8"?>
<!-- Generated by org.testng.reporters.JUnitReportReporter -->
<testsuite hostname="chauthai" failures="0" tests="2" name="pim.PimTest" time="15.193" errors="0" timestamp="2022-11-06T07:27:50 EST" skipped="0">
  <testcase classname="pim.PimTest" name="user_fill_out_information" time="8.417"/>
  <system-out/>
  <testcase classname="pim.PimTest" name="user_verify_employee_id_is_not_empty" time="6.776"/>
  <system-out/>
</testsuite> <!-- pim.PimTest -->
