<?xml version="1.0" encoding="UTF-8"?>
<!-- Generated by org.testng.reporters.JUnitReportReporter -->
<testsuite hostname="chauthai" failures="0" tests="2" name="pim.PimTest" time="13.087" errors="0" timestamp="2022-11-06T08:05:31 EST" skipped="0">
  <testcase classname="pim.PimTest" name="user_fill_out_information" time="7.678"/>
  <system-out/>
  <testcase classname="pim.PimTest" name="user_verify_employee_id_is_not_empty" time="5.409"/>
  <system-out/>
</testsuite> <!-- pim.PimTest -->
